<?xml version="1.0" encoding="UTF-8"?>
<coverage generated="1761860674982" clover="3.2.0">
  <project timestamp="1761860674982" name="All files">
    <metrics statements="113" coveredstatements="100" conditionals="21" coveredconditionals="18" methods="26" coveredmethods="21" elements="160" coveredelements="139" complexity="0" loc="113" ncloc="113" packages="1" files="1" classes="1"/>
    <file name="planner.ts" path="/workspaces/Task-Sentinel/src/goap/planner.ts">
      <metrics statements="113" coveredstatements="100" conditionals="21" coveredconditionals="18" methods="26" coveredmethods="21"/>
      <line num="15" count="20" type="stmt"/>
      <line num="18" count="103" type="stmt"/>
      <line num="19" count="112" type="stmt"/>
      <line num="23" count="99" type="stmt"/>
      <line num="27" count="104" type="stmt"/>
      <line num="31" count="0" type="stmt"/>
      <line num="35" count="0" type="stmt"/>
      <line num="39" count="0" type="stmt"/>
      <line num="46" count="1" type="stmt"/>
      <line num="47" count="4" type="stmt"/>
      <line num="48" count="4" type="stmt"/>
      <line num="50" count="4" type="cond" truecount="1" falsecount="0"/>
      <line num="51" count="1" type="stmt"/>
      <line num="54" count="6" type="stmt"/>
      <line num="61" count="1" type="stmt"/>
      <line num="62" count="152" type="stmt"/>
      <line num="68" count="1" type="stmt"/>
      <line num="69" count="87" type="stmt"/>
      <line num="70" count="353" type="stmt"/>
      <line num="71" count="419" type="stmt"/>
      <line num="79" count="1" type="stmt"/>
      <line num="80" count="138" type="stmt"/>
      <line num="94" count="1" type="stmt"/>
      <line num="95" count="157" type="stmt"/>
      <line num="97" count="157" type="stmt"/>
      <line num="98" count="250" type="cond" truecount="1" falsecount="0"/>
      <line num="99" count="174" type="stmt"/>
      <line num="103" count="157" type="stmt"/>
      <line num="110" count="15" type="stmt"/>
      <line num="111" count="15" type="stmt"/>
      <line num="113" count="15" type="cond" truecount="2" falsecount="0"/>
      <line num="114" count="47" type="stmt"/>
      <line num="115" count="47" type="stmt"/>
      <line num="118" count="15" type="stmt"/>
      <line num="125" count="237" type="stmt"/>
      <line num="129" count="627" type="stmt"/>
      <line num="130" count="627" type="stmt"/>
      <line num="144" count="1" type="stmt"/>
      <line num="151" count="22" type="cond" truecount="1" falsecount="0"/>
      <line num="152" count="2" type="stmt"/>
      <line num="156" count="20" type="stmt"/>
      <line num="157" count="20" type="stmt"/>
      <line num="158" count="20" type="stmt"/>
      <line num="161" count="20" type="stmt"/>
      <line num="170" count="20" type="stmt"/>
      <line num="171" count="20" type="stmt"/>
      <line num="173" count="20" type="stmt"/>
      <line num="174" count="20" type="stmt"/>
      <line num="177" count="20" type="cond" truecount="2" falsecount="0"/>
      <line num="178" count="99" type="stmt"/>
      <line num="180" count="99" type="stmt"/>
      <line num="181" count="99" type="stmt"/>
      <line num="184" count="99" type="cond" truecount="1" falsecount="0"/>
      <line num="185" count="15" type="stmt"/>
      <line num="186" count="15" type="stmt"/>
      <line num="192" count="84" type="stmt"/>
      <line num="195" count="84" type="stmt"/>
      <line num="196" count="84" type="stmt"/>
      <line num="197" count="84" type="stmt"/>
      <line num="198" count="136" type="stmt"/>
      <line num="199" count="136" type="stmt"/>
      <line num="201" count="84" type="cond" truecount="0" falsecount="1"/>
      <line num="202" count="0" type="stmt"/>
      <line num="206" count="84" type="stmt"/>
      <line num="208" count="84" type="stmt"/>
      <line num="209" count="118" type="stmt"/>
      <line num="210" count="118" type="stmt"/>
      <line num="213" count="118" type="cond" truecount="1" falsecount="0"/>
      <line num="214" count="4" type="stmt"/>
      <line num="217" count="114" type="stmt"/>
      <line num="218" count="114" type="stmt"/>
      <line num="219" count="114" type="stmt"/>
      <line num="222" count="114" type="stmt"/>
      <line num="224" count="114" type="cond" truecount="2" falsecount="0"/>
      <line num="226" count="31" type="cond" truecount="0" falsecount="1"/>
      <line num="227" count="0" type="stmt"/>
      <line num="228" count="0" type="stmt"/>
      <line num="229" count="0" type="stmt"/>
      <line num="230" count="0" type="stmt"/>
      <line num="233" count="0" type="stmt"/>
      <line num="234" count="0" type="stmt"/>
      <line num="238" count="83" type="stmt"/>
      <line num="247" count="83" type="stmt"/>
      <line num="248" count="83" type="stmt"/>
      <line num="254" count="5" type="stmt"/>
      <line num="260" count="1" type="stmt"/>
      <line num="265" count="8" type="cond" truecount="1" falsecount="0"/>
      <line num="266" count="1" type="cond" truecount="1" falsecount="0"/>
      <line num="267" count="1" type="stmt"/>
      <line num="269" count="0" type="stmt"/>
      <line num="272" count="7" type="stmt"/>
      <line num="273" count="7" type="stmt"/>
      <line num="275" count="7" type="stmt"/>
      <line num="276" count="18" type="stmt"/>
      <line num="279" count="18" type="stmt"/>
      <line num="280" count="28" type="stmt"/>
      <line num="283" count="18" type="cond" truecount="1" falsecount="0"/>
      <line num="284" count="1" type="stmt"/>
      <line num="291" count="17" type="stmt"/>
      <line num="292" count="17" type="stmt"/>
      <line num="296" count="6" type="cond" truecount="1" falsecount="0"/>
      <line num="297" count="1" type="stmt"/>
      <line num="301" count="5" type="cond" truecount="1" falsecount="0"/>
      <line num="302" count="1" type="stmt"/>
      <line num="308" count="4" type="stmt"/>
      <line num="315" count="1" type="stmt"/>
      <line num="321" count="3" type="stmt"/>
      <line num="323" count="3" type="cond" truecount="1" falsecount="0"/>
      <line num="324" count="2" type="stmt"/>
      <line num="325" count="2" type="cond" truecount="0" falsecount="1"/>
      <line num="326" count="0" type="stmt"/>
      <line num="327" count="0" type="stmt"/>
      <line num="331" count="3" type="stmt"/>
    </file>
  </project>
</coverage>
