{"/workspaces/Task-Sentinel/src/goap/planner.ts": {"path":"/workspaces/Task-Sentinel/src/goap/planner.ts","statementMap":{"0":{"start":{"line":46,"column":0},"end":{"line":46,"column":16}},"1":{"start":{"line":61,"column":0},"end":{"line":61,"column":16}},"2":{"start":{"line":68,"column":0},"end":{"line":68,"column":16}},"3":{"start":{"line":79,"column":0},"end":{"line":79,"column":16}},"4":{"start":{"line":94,"column":0},"end":{"line":94,"column":16}},"5":{"start":{"line":144,"column":0},"end":{"line":144,"column":16}},"6":{"start":{"line":260,"column":0},"end":{"line":260,"column":16}},"7":{"start":{"line":315,"column":0},"end":{"line":315,"column":16}},"8":{"start":{"line":15,"column":10},"end":{"line":15,"column":36}},"9":{"start":{"line":18,"column":4},"end":{"line":18,"column":26}},"10":{"start":{"line":19,"column":4},"end":{"line":19,"column":51}},"11":{"start":{"line":19,"column":30},"end":{"line":19,"column":49}},"12":{"start":{"line":23,"column":4},"end":{"line":23,"column":30}},"13":{"start":{"line":27,"column":4},"end":{"line":27,"column":35}},"14":{"start":{"line":31,"column":4},"end":{"line":31,"column":67}},"15":{"start":{"line":31,"column":35},"end":{"line":31,"column":65}},"16":{"start":{"line":35,"column":4},"end":{"line":35,"column":76}},"17":{"start":{"line":35,"column":43},"end":{"line":35,"column":74}},"18":{"start":{"line":39,"column":4},"end":{"line":39,"column":29}},"19":{"start":{"line":47,"column":16},"end":{"line":47,"column":42}},"20":{"start":{"line":48,"column":16},"end":{"line":48,"column":42}},"21":{"start":{"line":50,"column":2},"end":{"line":52,"column":3}},"22":{"start":{"line":51,"column":4},"end":{"line":51,"column":17}},"23":{"start":{"line":54,"column":2},"end":{"line":54,"column":57}},"24":{"start":{"line":54,"column":28},"end":{"line":54,"column":55}},"25":{"start":{"line":62,"column":2},"end":{"line":62,"column":76}},"26":{"start":{"line":62,"column":54},"end":{"line":62,"column":74}},"27":{"start":{"line":69,"column":2},"end":{"line":73,"column":5}},"28":{"start":{"line":70,"column":4},"end":{"line":72,"column":6}},"29":{"start":{"line":71,"column":24},"end":{"line":71,"column":44}},"30":{"start":{"line":80,"column":2},"end":{"line":83,"column":4}},"31":{"start":{"line":95,"column":25},"end":{"line":95,"column":26}},"32":{"start":{"line":97,"column":2},"end":{"line":101,"column":3}},"33":{"start":{"line":98,"column":4},"end":{"line":100,"column":5}},"34":{"start":{"line":99,"column":6},"end":{"line":99,"column":25}},"35":{"start":{"line":103,"column":2},"end":{"line":103,"column":26}},"36":{"start":{"line":110,"column":25},"end":{"line":110,"column":27}},"37":{"start":{"line":111,"column":36},"end":{"line":111,"column":40}},"38":{"start":{"line":113,"column":2},"end":{"line":116,"column":3}},"39":{"start":{"line":114,"column":4},"end":{"line":114,"column":33}},"40":{"start":{"line":115,"column":4},"end":{"line":115,"column":29}},"41":{"start":{"line":118,"column":2},"end":{"line":118,"column":14}},"42":{"start":{"line":125,"column":2},"end":{"line":132,"column":4}},"43":{"start":{"line":129,"column":8},"end":{"line":129,"column":30}},"44":{"start":{"line":130,"column":8},"end":{"line":130,"column":19}},"45":{"start":{"line":151,"column":2},"end":{"line":153,"column":3}},"46":{"start":{"line":152,"column":4},"end":{"line":152,"column":41}},"47":{"start":{"line":156,"column":18},"end":{"line":156,"column":37}},"48":{"start":{"line":157,"column":20},"end":{"line":157,"column":37}},"49":{"start":{"line":158,"column":21},"end":{"line":158,"column":51}},"50":{"start":{"line":161,"column":33},"end":{"line":168,"column":4}},"51":{"start":{"line":170,"column":2},"end":{"line":170,"column":29}},"52":{"start":{"line":171,"column":2},"end":{"line":171,"column":53}},"53":{"start":{"line":173,"column":19},"end":{"line":173,"column":20}},"54":{"start":{"line":174,"column":24},"end":{"line":174,"column":49}},"55":{"start":{"line":177,"column":2},"end":{"line":251,"column":3}},"56":{"start":{"line":178,"column":4},"end":{"line":178,"column":17}},"57":{"start":{"line":180,"column":20},"end":{"line":180,"column":38}},"58":{"start":{"line":181,"column":24},"end":{"line":181,"column":48}},"59":{"start":{"line":184,"column":4},"end":{"line":190,"column":5}},"60":{"start":{"line":185,"column":26},"end":{"line":185,"column":50}},"61":{"start":{"line":186,"column":6},"end":{"line":189,"column":8}},"62":{"start":{"line":192,"column":4},"end":{"line":192,"column":31}},"63":{"start":{"line":195,"column":16},"end":{"line":195,"column":17}},"64":{"start":{"line":196,"column":35},"end":{"line":196,"column":42}},"65":{"start":{"line":197,"column":4},"end":{"line":200,"column":5}},"66":{"start":{"line":198,"column":6},"end":{"line":198,"column":14}},"67":{"start":{"line":199,"column":6},"end":{"line":199,"column":25}},"68":{"start":{"line":201,"column":4},"end":{"line":203,"column":5}},"69":{"start":{"line":202,"column":6},"end":{"line":202,"column":15}},"70":{"start":{"line":206,"column":30},"end":{"line":206,"column":74}},"71":{"start":{"line":208,"column":4},"end":{"line":250,"column":5}},"72":{"start":{"line":209,"column":23},"end":{"line":209,"column":57}},"73":{"start":{"line":210,"column":27},"end":{"line":210,"column":46}},"74":{"start":{"line":213,"column":6},"end":{"line":215,"column":7}},"75":{"start":{"line":214,"column":8},"end":{"line":214,"column":17}},"76":{"start":{"line":217,"column":21},"end":{"line":217,"column":49}},"77":{"start":{"line":218,"column":21},"end":{"line":218,"column":60}},"78":{"start":{"line":219,"column":21},"end":{"line":219,"column":36}},"79":{"start":{"line":222,"column":27},"end":{"line":222,"column":55}},"80":{"start":{"line":224,"column":6},"end":{"line":249,"column":7}},"81":{"start":{"line":226,"column":8},"end":{"line":235,"column":9}},"82":{"start":{"line":227,"column":10},"end":{"line":227,"column":39}},"83":{"start":{"line":228,"column":10},"end":{"line":228,"column":39}},"84":{"start":{"line":229,"column":10},"end":{"line":229,"column":40}},"85":{"start":{"line":230,"column":10},"end":{"line":230,"column":39}},"86":{"start":{"line":233,"column":10},"end":{"line":233,"column":45}},"87":{"start":{"line":234,"column":10},"end":{"line":234,"column":40}},"88":{"start":{"line":238,"column":38},"end":{"line":245,"column":10}},"89":{"start":{"line":247,"column":8},"end":{"line":247,"column":34}},"90":{"start":{"line":248,"column":8},"end":{"line":248,"column":47}},"91":{"start":{"line":254,"column":2},"end":{"line":254,"column":14}},"92":{"start":{"line":265,"column":2},"end":{"line":270,"column":3}},"93":{"start":{"line":266,"column":4},"end":{"line":268,"column":5}},"94":{"start":{"line":267,"column":6},"end":{"line":267,"column":29}},"95":{"start":{"line":269,"column":4},"end":{"line":269,"column":71}},"96":{"start":{"line":272,"column":21},"end":{"line":272,"column":40}},"97":{"start":{"line":273,"column":18},"end":{"line":273,"column":19}},"98":{"start":{"line":275,"column":2},"end":{"line":293,"column":3}},"99":{"start":{"line":275,"column":15},"end":{"line":275,"column":16}},"100":{"start":{"line":276,"column":19},"end":{"line":276,"column":34}},"101":{"start":{"line":279,"column":29},"end":{"line":280,"column":null}},"102":{"start":{"line":280,"column":24},"end":{"line":280,"column":51}},"103":{"start":{"line":283,"column":4},"end":{"line":288,"column":5}},"104":{"start":{"line":284,"column":6},"end":{"line":287,"column":8}},"105":{"start":{"line":291,"column":4},"end":{"line":291,"column":53}},"106":{"start":{"line":292,"column":4},"end":{"line":292,"column":29}},"107":{"start":{"line":296,"column":2},"end":{"line":298,"column":3}},"108":{"start":{"line":297,"column":4},"end":{"line":297,"column":71}},"109":{"start":{"line":301,"column":2},"end":{"line":306,"column":3}},"110":{"start":{"line":302,"column":4},"end":{"line":305,"column":6}},"111":{"start":{"line":308,"column":2},"end":{"line":308,"column":25}},"112":{"start":{"line":321,"column":15},"end":{"line":321,"column":71}},"113":{"start":{"line":323,"column":2},"end":{"line":329,"column":3}},"114":{"start":{"line":324,"column":23},"end":{"line":324,"column":66}},"115":{"start":{"line":325,"column":4},"end":{"line":328,"column":5}},"116":{"start":{"line":326,"column":6},"end":{"line":326,"column":65}},"117":{"start":{"line":327,"column":6},"end":{"line":327,"column":18}},"118":{"start":{"line":331,"column":2},"end":{"line":331,"column":14}}},"fnMap":{"0":{"name":"(anonymous_0)","decl":{"start":{"line":14,"column":0},"end":{"line":14,"column":6}},"loc":{"start":{"line":14,"column":0},"end":{"line":41,"column":1}}},"1":{"name":"(anonymous_1)","decl":{"start":{"line":17,"column":2},"end":{"line":17,"column":9}},"loc":{"start":{"line":17,"column":27},"end":{"line":20,"column":3}}},"2":{"name":"(anonymous_2)","decl":{"start":{"line":19,"column":20},"end":{"line":19,"column":21}},"loc":{"start":{"line":19,"column":30},"end":{"line":19,"column":49}}},"3":{"name":"(anonymous_3)","decl":{"start":{"line":22,"column":2},"end":{"line":22,"column":9}},"loc":{"start":{"line":22,"column":9},"end":{"line":24,"column":3}}},"4":{"name":"(anonymous_4)","decl":{"start":{"line":26,"column":2},"end":{"line":26,"column":9}},"loc":{"start":{"line":26,"column":9},"end":{"line":28,"column":3}}},"5":{"name":"(anonymous_5)","decl":{"start":{"line":30,"column":2},"end":{"line":30,"column":10}},"loc":{"start":{"line":30,"column":28},"end":{"line":32,"column":3}}},"6":{"name":"(anonymous_6)","decl":{"start":{"line":31,"column":27},"end":{"line":31,"column":31}},"loc":{"start":{"line":31,"column":35},"end":{"line":31,"column":65}}},"7":{"name":"(anonymous_7)","decl":{"start":{"line":34,"column":2},"end":{"line":34,"column":8}},"loc":{"start":{"line":34,"column":26},"end":{"line":36,"column":3}}},"8":{"name":"(anonymous_8)","decl":{"start":{"line":35,"column":35},"end":{"line":35,"column":39}},"loc":{"start":{"line":35,"column":43},"end":{"line":35,"column":74}}},"9":{"name":"(anonymous_9)","decl":{"start":{"line":38,"column":2},"end":{"line":38,"column":6}},"loc":{"start":{"line":38,"column":6},"end":{"line":40,"column":3}}},"10":{"name":"stateEquals","decl":{"start":{"line":46,"column":16},"end":{"line":46,"column":27}},"loc":{"start":{"line":46,"column":66},"end":{"line":55,"column":1}}},"11":{"name":"(anonymous_11)","decl":{"start":{"line":54,"column":21},"end":{"line":54,"column":24}},"loc":{"start":{"line":54,"column":28},"end":{"line":54,"column":55}}},"12":{"name":"satisfiesGoal","decl":{"start":{"line":61,"column":16},"end":{"line":61,"column":29}},"loc":{"start":{"line":61,"column":65},"end":{"line":63,"column":1}}},"13":{"name":"(anonymous_13)","decl":{"start":{"line":62,"column":36},"end":{"line":62,"column":37}},"loc":{"start":{"line":62,"column":54},"end":{"line":62,"column":74}}},"14":{"name":"getApplicableActions","decl":{"start":{"line":68,"column":16},"end":{"line":68,"column":36}},"loc":{"start":{"line":68,"column":73},"end":{"line":74,"column":1}}},"15":{"name":"(anonymous_15)","decl":{"start":{"line":69,"column":24},"end":{"line":69,"column":30}},"loc":{"start":{"line":69,"column":33},"end":{"line":73,"column":3}}},"16":{"name":"(anonymous_16)","decl":{"start":{"line":71,"column":6},"end":{"line":71,"column":7}},"loc":{"start":{"line":71,"column":24},"end":{"line":71,"column":44}}},"17":{"name":"applyAction","decl":{"start":{"line":79,"column":16},"end":{"line":79,"column":27}},"loc":{"start":{"line":79,"column":61},"end":{"line":84,"column":1}}},"18":{"name":"calculateHeuristic","decl":{"start":{"line":94,"column":16},"end":{"line":94,"column":34}},"loc":{"start":{"line":94,"column":70},"end":{"line":104,"column":1}}},"19":{"name":"reconstructPath","decl":{"start":{"line":109,"column":9},"end":{"line":109,"column":24}},"loc":{"start":{"line":109,"column":42},"end":{"line":119,"column":1}}},"20":{"name":"hashState","decl":{"start":{"line":124,"column":9},"end":{"line":124,"column":18}},"loc":{"start":{"line":124,"column":36},"end":{"line":133,"column":1}}},"21":{"name":"(anonymous_21)","decl":{"start":{"line":128,"column":14},"end":{"line":128,"column":15}},"loc":{"start":{"line":128,"column":27},"end":{"line":131,"column":7}}},"22":{"name":"generatePlan","decl":{"start":{"line":144,"column":16},"end":{"line":144,"column":28}},"loc":{"start":{"line":148,"column":23},"end":{"line":255,"column":1}}},"23":{"name":"validatePlan","decl":{"start":{"line":260,"column":16},"end":{"line":260,"column":28}},"loc":{"start":{"line":263,"column":23},"end":{"line":309,"column":1}}},"24":{"name":"(anonymous_24)","decl":{"start":{"line":280,"column":6},"end":{"line":280,"column":7}},"loc":{"start":{"line":280,"column":24},"end":{"line":280,"column":51}}},"25":{"name":"findOptimalPath","decl":{"start":{"line":315,"column":16},"end":{"line":315,"column":31}},"loc":{"start":{"line":319,"column":19},"end":{"line":332,"column":1}}}},"branchMap":{"0":{"loc":{"start":{"line":50,"column":2},"end":{"line":52,"column":3}},"type":"if","locations":[{"start":{"line":50,"column":2},"end":{"line":52,"column":3}}]},"1":{"loc":{"start":{"line":98,"column":4},"end":{"line":100,"column":5}},"type":"if","locations":[{"start":{"line":98,"column":4},"end":{"line":100,"column":5}}]},"2":{"loc":{"start":{"line":113,"column":9},"end":{"line":113,"column":34}},"type":"binary-expr","locations":[{"start":{"line":113,"column":9},"end":{"line":113,"column":16}},{"start":{"line":113,"column":20},"end":{"line":113,"column":34}}]},"3":{"loc":{"start":{"line":148,"column":2},"end":{"line":148,"column":23}},"type":"default-arg","locations":[{"start":{"line":148,"column":21},"end":{"line":148,"column":23}}]},"4":{"loc":{"start":{"line":151,"column":2},"end":{"line":153,"column":3}},"type":"if","locations":[{"start":{"line":151,"column":2},"end":{"line":153,"column":3}}]},"5":{"loc":{"start":{"line":177,"column":9},"end":{"line":177,"column":57}},"type":"binary-expr","locations":[{"start":{"line":177,"column":9},"end":{"line":177,"column":27}},{"start":{"line":177,"column":31},"end":{"line":177,"column":57}}]},"6":{"loc":{"start":{"line":184,"column":4},"end":{"line":190,"column":5}},"type":"if","locations":[{"start":{"line":184,"column":4},"end":{"line":190,"column":5}}]},"7":{"loc":{"start":{"line":201,"column":4},"end":{"line":203,"column":5}},"type":"if","locations":[{"start":{"line":201,"column":4},"end":{"line":203,"column":5}}]},"8":{"loc":{"start":{"line":213,"column":6},"end":{"line":215,"column":7}},"type":"if","locations":[{"start":{"line":213,"column":6},"end":{"line":215,"column":7}}]},"9":{"loc":{"start":{"line":224,"column":6},"end":{"line":249,"column":7}},"type":"if","locations":[{"start":{"line":224,"column":6},"end":{"line":249,"column":7}},{"start":{"line":236,"column":13},"end":{"line":249,"column":7}}]},"10":{"loc":{"start":{"line":226,"column":8},"end":{"line":235,"column":9}},"type":"if","locations":[{"start":{"line":226,"column":8},"end":{"line":235,"column":9}}]},"11":{"loc":{"start":{"line":265,"column":2},"end":{"line":270,"column":3}},"type":"if","locations":[{"start":{"line":265,"column":2},"end":{"line":270,"column":3}}]},"12":{"loc":{"start":{"line":266,"column":4},"end":{"line":268,"column":5}},"type":"if","locations":[{"start":{"line":266,"column":4},"end":{"line":268,"column":5}}]},"13":{"loc":{"start":{"line":283,"column":4},"end":{"line":288,"column":5}},"type":"if","locations":[{"start":{"line":283,"column":4},"end":{"line":288,"column":5}}]},"14":{"loc":{"start":{"line":296,"column":2},"end":{"line":298,"column":3}},"type":"if","locations":[{"start":{"line":296,"column":2},"end":{"line":298,"column":3}}]},"15":{"loc":{"start":{"line":301,"column":2},"end":{"line":306,"column":3}},"type":"if","locations":[{"start":{"line":301,"column":2},"end":{"line":306,"column":3}}]},"16":{"loc":{"start":{"line":323,"column":2},"end":{"line":329,"column":3}},"type":"if","locations":[{"start":{"line":323,"column":2},"end":{"line":329,"column":3}}]},"17":{"loc":{"start":{"line":325,"column":4},"end":{"line":328,"column":5}},"type":"if","locations":[{"start":{"line":325,"column":4},"end":{"line":328,"column":5}}]}},"s":{"0":1,"1":1,"2":1,"3":1,"4":1,"5":1,"6":1,"7":1,"8":20,"9":103,"10":103,"11":112,"12":99,"13":104,"14":0,"15":0,"16":0,"17":0,"18":0,"19":4,"20":4,"21":4,"22":1,"23":3,"24":6,"25":131,"26":152,"27":87,"28":353,"29":419,"30":138,"31":157,"32":157,"33":250,"34":174,"35":157,"36":15,"37":15,"38":15,"39":47,"40":47,"41":15,"42":237,"43":627,"44":627,"45":22,"46":2,"47":20,"48":20,"49":20,"50":20,"51":20,"52":20,"53":20,"54":20,"55":20,"56":99,"57":99,"58":99,"59":99,"60":15,"61":15,"62":84,"63":84,"64":84,"65":84,"66":136,"67":136,"68":84,"69":0,"70":84,"71":84,"72":118,"73":118,"74":118,"75":4,"76":114,"77":114,"78":114,"79":114,"80":114,"81":31,"82":0,"83":0,"84":0,"85":0,"86":0,"87":0,"88":83,"89":83,"90":83,"91":5,"92":8,"93":1,"94":1,"95":0,"96":7,"97":7,"98":7,"99":7,"100":18,"101":18,"102":28,"103":18,"104":1,"105":17,"106":17,"107":6,"108":1,"109":5,"110":1,"111":4,"112":3,"113":3,"114":2,"115":2,"116":0,"117":0,"118":3},"f":{"0":20,"1":103,"2":112,"3":99,"4":104,"5":0,"6":0,"7":0,"8":0,"9":0,"10":4,"11":6,"12":131,"13":152,"14":87,"15":353,"16":419,"17":138,"18":157,"19":15,"20":237,"21":627,"22":22,"23":8,"24":28,"25":3},"b":{"0":[1],"1":[174],"2":[62,62],"3":[20],"4":[2],"5":[104,101],"6":[15],"7":[0],"8":[4],"9":[31,83],"10":[0],"11":[1],"12":[1],"13":[1],"14":[1],"15":[1],"16":[2],"17":[0]}}
}
