TN:
SF:src/goap/planner.ts
FN:14,(anonymous_0)
FN:17,(anonymous_1)
FN:19,(anonymous_2)
FN:22,(anonymous_3)
FN:26,(anonymous_4)
FN:30,(anonymous_5)
FN:31,(anonymous_6)
FN:34,(anonymous_7)
FN:35,(anonymous_8)
FN:38,(anonymous_9)
FN:46,stateEquals
FN:54,(anonymous_11)
FN:61,satisfiesGoal
FN:62,(anonymous_13)
FN:68,getApplicableActions
FN:69,(anonymous_15)
FN:71,(anonymous_16)
FN:79,applyAction
FN:94,calculateHeuristic
FN:109,reconstructPath
FN:124,hashState
FN:128,(anonymous_21)
FN:144,generatePlan
FN:260,validatePlan
FN:280,(anonymous_24)
FN:315,findOptimalPath
FNF:26
FNH:21
FNDA:20,(anonymous_0)
FNDA:103,(anonymous_1)
FNDA:112,(anonymous_2)
FNDA:99,(anonymous_3)
FNDA:104,(anonymous_4)
FNDA:0,(anonymous_5)
FNDA:0,(anonymous_6)
FNDA:0,(anonymous_7)
FNDA:0,(anonymous_8)
FNDA:0,(anonymous_9)
FNDA:4,stateEquals
FNDA:6,(anonymous_11)
FNDA:131,satisfiesGoal
FNDA:152,(anonymous_13)
FNDA:87,getApplicableActions
FNDA:353,(anonymous_15)
FNDA:419,(anonymous_16)
FNDA:138,applyAction
FNDA:157,calculateHeuristic
FNDA:15,reconstructPath
FNDA:237,hashState
FNDA:627,(anonymous_21)
FNDA:22,generatePlan
FNDA:8,validatePlan
FNDA:28,(anonymous_24)
FNDA:3,findOptimalPath
DA:15,20
DA:18,103
DA:19,112
DA:23,99
DA:27,104
DA:31,0
DA:35,0
DA:39,0
DA:46,1
DA:47,4
DA:48,4
DA:50,4
DA:51,1
DA:54,6
DA:61,1
DA:62,152
DA:68,1
DA:69,87
DA:70,353
DA:71,419
DA:79,1
DA:80,138
DA:94,1
DA:95,157
DA:97,157
DA:98,250
DA:99,174
DA:103,157
DA:110,15
DA:111,15
DA:113,15
DA:114,47
DA:115,47
DA:118,15
DA:125,237
DA:129,627
DA:130,627
DA:144,1
DA:151,22
DA:152,2
DA:156,20
DA:157,20
DA:158,20
DA:161,20
DA:170,20
DA:171,20
DA:173,20
DA:174,20
DA:177,20
DA:178,99
DA:180,99
DA:181,99
DA:184,99
DA:185,15
DA:186,15
DA:192,84
DA:195,84
DA:196,84
DA:197,84
DA:198,136
DA:199,136
DA:201,84
DA:202,0
DA:206,84
DA:208,84
DA:209,118
DA:210,118
DA:213,118
DA:214,4
DA:217,114
DA:218,114
DA:219,114
DA:222,114
DA:224,114
DA:226,31
DA:227,0
DA:228,0
DA:229,0
DA:230,0
DA:233,0
DA:234,0
DA:238,83
DA:247,83
DA:248,83
DA:254,5
DA:260,1
DA:265,8
DA:266,1
DA:267,1
DA:269,0
DA:272,7
DA:273,7
DA:275,7
DA:276,18
DA:279,18
DA:280,28
DA:283,18
DA:284,1
DA:291,17
DA:292,17
DA:296,6
DA:297,1
DA:301,5
DA:302,1
DA:308,4
DA:315,1
DA:321,3
DA:323,3
DA:324,2
DA:325,2
DA:326,0
DA:327,0
DA:331,3
LF:113
LH:100
BRDA:50,0,0,1
BRDA:98,1,0,174
BRDA:113,2,0,62
BRDA:113,2,1,62
BRDA:148,3,0,20
BRDA:151,4,0,2
BRDA:177,5,0,104
BRDA:177,5,1,101
BRDA:184,6,0,15
BRDA:201,7,0,0
BRDA:213,8,0,4
BRDA:224,9,0,31
BRDA:224,9,1,83
BRDA:226,10,0,0
BRDA:265,11,0,1
BRDA:266,12,0,1
BRDA:283,13,0,1
BRDA:296,14,0,1
BRDA:301,15,0,1
BRDA:323,16,0,2
BRDA:325,17,0,0
BRF:21
BRH:18
end_of_record
